<?xml version="1.0" encoding="UTF-8"?>
<testsuite name="Default test"
           tests="6"
           failures="1"
           errors="0"
           skipped="5"
           time="0.000">
  <properties />
            <testcase name="openBrowser" time="0.000" classname="TestCase.SignIn">
                <failure type="java.lang.NoSuchMethodError"
                  message="com.google.common.base.Preconditions.checkState(ZLjava/lang/String;Ljava/lang/Object;Ljava/lang/Object;Ljava/lang/Object;)V"
              >
<![CDATA[java.lang.NoSuchMethodError: com.google.common.base.Preconditions.checkState(ZLjava/lang/String;Ljava/lang/Object;Ljava/lang/Object;Ljava/lang/Object;)V
  org.openqa.selenium.remote.service.DriverService.findExecutable(DriverService.java:111)
  org.openqa.selenium.chrome.ChromeDriverService.access$000(ChromeDriverService.java:32)
  org.openqa.selenium.chrome.ChromeDriverService$Builder.findDefaultExecutable(ChromeDriverService.java:137)
  org.openqa.selenium.remote.service.DriverService$Builder.build(DriverService.java:302)
  org.openqa.selenium.chrome.ChromeDriverService.createDefaultService(ChromeDriverService.java:88)
  org.openqa.selenium.chrome.ChromeDriver.<init>(ChromeDriver.java:124)
  BasePackage.BaseClass.set_browser(BaseClass.java:22)
  TestCase.SignIn.openBrowser(SignIn.java:44)
  sun.reflect.NativeMethodAccessorImpl.invoke0(Native Method)
  sun.reflect.NativeMethodAccessorImpl.invoke(NativeMethodAccessorImpl.java:62)
  sun.reflect.DelegatingMethodAccessorImpl.invoke(DelegatingMethodAccessorImpl.java:43)
  java.lang.reflect.Method.invoke(Method.java:497)
  org.testng.internal.MethodInvocationHelper.invokeMethod(MethodInvocationHelper.java:80)
  org.testng.internal.Invoker.invokeConfigurationMethod(Invoker.java:564)
  org.testng.internal.Invoker.invokeConfigurations(Invoker.java:213)
  org.testng.internal.Invoker.invokeConfigurations(Invoker.java:138)
  org.testng.TestRunner.beforeRun(TestRunner.java:641)
  org.testng.TestRunner.run(TestRunner.java:609)
  org.testng.SuiteRunner.runTest(SuiteRunner.java:334)
  org.testng.SuiteRunner.runSequentially(SuiteRunner.java:329)
  org.testng.SuiteRunner.privateRun(SuiteRunner.java:291)
  org.testng.SuiteRunner.run(SuiteRunner.java:240)
  org.testng.SuiteRunnerWorker.runSuite(SuiteRunnerWorker.java:52)
  org.testng.SuiteRunnerWorker.run(SuiteRunnerWorker.java:86)
  org.testng.TestNG.runSuitesSequentially(TestNG.java:1198)
  org.testng.TestNG.runSuitesLocally(TestNG.java:1123)
  org.testng.TestNG.run(TestNG.java:1031)
  org.testng.remote.AbstractRemoteTestNG.run(AbstractRemoteTestNG.java:132)
  org.testng.remote.RemoteTestNG.initAndRun(RemoteTestNG.java:230)
  org.testng.remote.RemoteTestNG.main(RemoteTestNG.java:76)
]]>
      </failure>

          </testcase>
  
            <testcase name="afterSuit" time="0.0" classname="TestCase.SignIn">
          <skipped />
    </testcase>
            <testcase name="getResult" time="0.0" classname="TestCase.SignIn">
          <skipped />
    </testcase>
            <testcase name="getResult" time="0.0" classname="TestCase.SignIn">
          <skipped />
    </testcase>
            <testcase name="login_Page" time="0.0" classname="TestCase.SignIn">
          <skipped />
    </testcase>
            <testcase name="create_page" time="0.0" classname="TestCase.SignIn">
          <skipped />
    </testcase>
  
  
</testsuite>
