<?xml version="1.0" encoding="UTF-8"?>
<testng-results skipped="2" failed="0" total="2" passed="0">
  <reporter-output>
  </reporter-output>
  <suite name="Ezzar_APPlication" duration-ms="458" started-at="2019-07-06T09:53:28Z" finished-at="2019-07-06T09:53:29Z">
    <groups>
    </groups>
    <test name="Default test" duration-ms="458" started-at="2019-07-06T09:53:28Z" finished-at="2019-07-06T09:53:29Z">
      <class name="TestCase.CreateAPP">
        <test-method status="FAIL" signature="openBrowser()[pri:0, instance:TestCase.CreateAPP@4493d195]" name="openBrowser" is-config="true" duration-ms="0" started-at="2019-07-06T15:23:28Z" finished-at="2019-07-06T15:23:28Z">
          <exception class="java.lang.NoSuchMethodError">
            <message>
              <![CDATA[com.google.common.base.Preconditions.checkState(ZLjava/lang/String;Ljava/lang/Object;Ljava/lang/Object;Ljava/lang/Object;)V]]>
            </message>
            <full-stacktrace>
              <![CDATA[java.lang.NoSuchMethodError: com.google.common.base.Preconditions.checkState(ZLjava/lang/String;Ljava/lang/Object;Ljava/lang/Object;Ljava/lang/Object;)V
	at org.openqa.selenium.remote.service.DriverService.findExecutable(DriverService.java:111)
	at org.openqa.selenium.chrome.ChromeDriverService.access$000(ChromeDriverService.java:32)
	at org.openqa.selenium.chrome.ChromeDriverService$Builder.findDefaultExecutable(ChromeDriverService.java:137)
	at org.openqa.selenium.remote.service.DriverService$Builder.build(DriverService.java:302)
	at org.openqa.selenium.chrome.ChromeDriverService.createDefaultService(ChromeDriverService.java:88)
	at org.openqa.selenium.chrome.ChromeDriver.<init>(ChromeDriver.java:124)
	at BasePackage.BaseClass.set_browser(BaseClass.java:22)
	at TestCase.SignIn.openBrowser(SignIn.java:45)
	at sun.reflect.NativeMethodAccessorImpl.invoke0(Native Method)
	at sun.reflect.NativeMethodAccessorImpl.invoke(NativeMethodAccessorImpl.java:62)
	at sun.reflect.DelegatingMethodAccessorImpl.invoke(DelegatingMethodAccessorImpl.java:43)
	at java.lang.reflect.Method.invoke(Method.java:497)
	at org.testng.internal.MethodInvocationHelper.invokeMethod(MethodInvocationHelper.java:80)
	at org.testng.internal.Invoker.invokeConfigurationMethod(Invoker.java:564)
	at org.testng.internal.Invoker.invokeConfigurations(Invoker.java:213)
	at org.testng.internal.Invoker.invokeConfigurations(Invoker.java:138)
	at org.testng.TestRunner.beforeRun(TestRunner.java:641)
	at org.testng.TestRunner.run(TestRunner.java:609)
	at org.testng.SuiteRunner.runTest(SuiteRunner.java:334)
	at org.testng.SuiteRunner.runSequentially(SuiteRunner.java:329)
	at org.testng.SuiteRunner.privateRun(SuiteRunner.java:291)
	at org.testng.SuiteRunner.run(SuiteRunner.java:240)
	at org.testng.SuiteRunnerWorker.runSuite(SuiteRunnerWorker.java:52)
	at org.testng.SuiteRunnerWorker.run(SuiteRunnerWorker.java:86)
	at org.testng.TestNG.runSuitesSequentially(TestNG.java:1198)
	at org.testng.TestNG.runSuitesLocally(TestNG.java:1123)
	at org.testng.TestNG.run(TestNG.java:1031)
	at org.testng.remote.AbstractRemoteTestNG.run(AbstractRemoteTestNG.java:132)
	at org.testng.remote.RemoteTestNG.initAndRun(RemoteTestNG.java:230)
	at org.testng.remote.RemoteTestNG.main(RemoteTestNG.java:76)
]]>
            </full-stacktrace>
          </exception> <!-- java.lang.NoSuchMethodError -->
          <reporter-output>
          </reporter-output>
        </test-method> <!-- openBrowser -->
        <test-method status="SKIP" signature="login_Page()[pri:0, instance:TestCase.CreateAPP@4493d195]" name="login_Page" duration-ms="0" started-at="2019-07-06T15:23:29Z" finished-at="2019-07-06T15:23:29Z">
          <reporter-output>
          </reporter-output>
        </test-method> <!-- login_Page -->
        <test-method status="SKIP" signature="getResult(org.testng.ITestResult)[pri:0, instance:TestCase.CreateAPP@4493d195]" name="getResult" is-config="true" duration-ms="0" started-at="2019-07-06T15:23:29Z" finished-at="2019-07-06T15:23:29Z">
          <reporter-output>
          </reporter-output>
        </test-method> <!-- getResult -->
        <test-method status="SKIP" signature="create_page()[pri:0, instance:TestCase.CreateAPP@4493d195]" name="create_page" duration-ms="0" started-at="2019-07-06T15:23:29Z" finished-at="2019-07-06T15:23:29Z">
          <reporter-output>
          </reporter-output>
        </test-method> <!-- create_page -->
        <test-method status="SKIP" signature="getResult(org.testng.ITestResult)[pri:0, instance:TestCase.CreateAPP@4493d195]" name="getResult" is-config="true" duration-ms="0" started-at="2019-07-06T15:23:29Z" finished-at="2019-07-06T15:23:29Z">
          <reporter-output>
          </reporter-output>
        </test-method> <!-- getResult -->
        <test-method status="SKIP" signature="afterSuit()[pri:0, instance:TestCase.CreateAPP@4493d195]" name="afterSuit" is-config="true" duration-ms="0" started-at="2019-07-06T15:23:29Z" finished-at="2019-07-06T15:23:29Z">
          <reporter-output>
          </reporter-output>
        </test-method> <!-- afterSuit -->
      </class> <!-- TestCase.CreateAPP -->
    </test> <!-- Default test -->
  </suite> <!-- Ezzar_APPlication -->
</testng-results>
