<?xml version="1.0" encoding="UTF-8"?>
<!-- Generated by org.testng.reporters.JUnitXMLReporter -->
<testsuite hostname="Prakash-PC" name="Ezzar_Result" tests="2" failures="0" timestamp="6 Jul 2019 09:08:25 GMT" time="0.583" errors="0">
  <testcase name="@BeforeTest openBrowser" time="0.0" classname="TestCase.CreateAPP">
    <failure type="java.lang.NoSuchMethodError" message="com.google.common.base.Preconditions.checkState(ZLjava/lang/String;Ljava/lang/Object;Ljava/lang/Object;Ljava/lang/Object;)V">
      <![CDATA[java.lang.NoSuchMethodError: com.google.common.base.Preconditions.checkState(ZLjava/lang/String;Ljava/lang/Object;Ljava/lang/Object;Ljava/lang/Object;)V
	at org.openqa.selenium.remote.service.DriverService.findExecutable(DriverService.java:111)
	at org.openqa.selenium.chrome.ChromeDriverService.access$000(ChromeDriverService.java:32)
	at org.openqa.selenium.chrome.ChromeDriverService$Builder.findDefaultExecutable(ChromeDriverService.java:137)
	at org.openqa.selenium.remote.service.DriverService$Builder.build(DriverService.java:302)
	at org.openqa.selenium.chrome.ChromeDriverService.createDefaultService(ChromeDriverService.java:88)
	at org.openqa.selenium.chrome.ChromeDriver.<init>(ChromeDriver.java:124)
	at BasePackage.BaseClass.set_browser(BaseClass.java:22)
	at TestCase.SignIn.openBrowser(SignIn.java:44)
... Removed 22 stack frames]]>
    </failure>
  </testcase> <!-- @BeforeTest openBrowser -->
  <testcase name="@AfterMethod getResult" time="0.0" classname="TestCase.CreateAPP">
    <skipped/>
  </testcase> <!-- @AfterMethod getResult -->
  <testcase name="@AfterMethod getResult" time="0.0" classname="TestCase.CreateAPP">
    <skipped/>
  </testcase> <!-- @AfterMethod getResult -->
  <testcase name="test_CreateApp" time="0.003" classname="TestCase.CreateAPP">
    <skipped/>
  </testcase> <!-- test_CreateApp -->
  <testcase name="login_Page" time="0.003" classname="TestCase.CreateAPP">
    <skipped/>
  </testcase> <!-- login_Page -->
</testsuite> <!-- Ezzar_Result -->
